<?xml version="1.0" encoding="UTF-8"?>
<testsuite xmlns:xsi="http://www.w3.org/2001/XMLSchema-instance" xsi:noNamespaceSchemaLocation="https://maven.apache.org/surefire/maven-surefire-plugin/xsd/surefire-test-report-3.0.xsd" version="3.0" name="com.dypiu.nba.ObeBackendApplicationTests" time="3.704" tests="1" errors="0" skipped="0" failures="0">
  <properties>
[...]
</properties>
  <testcase name="contextLoads" classname="com.dypiu.nba.ObeBackendApplicationTests" time="0.326">
    <system-out><![CDATA[21:22:22.109 [main] INFO org.springframework.test.context.support.AnnotationConfigContextLoaderUtils -- Could not detect default configuration classes for test class [com.dypiu.nba.ObeBackendApplicationTests]: ObeBackendApplicationTests does not declare any static, non-private, non-final, nested classes annotated with @Configuration.
21:22:22.171 [main] INFO org.springframework.boot.test.context.SpringBootTestContextBootstrapper -- Found @SpringBootConfiguration com.dypiu.nba.ObeBackendApplication for test class com.dypiu.nba.ObeBackendApplicationTests

  .   ____          _            __ _ _
 /\\ / ___'_ __ _ _(_)_ __  __ _ \ \ \ \
( ( )\___ | '_ | '_| | '_ \/ _` | \ \ \ \
 \\/  ___)| |_)| | | | | || (_| |  ) ) ) )
  '  |____| .__|_| |_|_| |_\__, | / / / /
 =========|_|==============|___/=/_/_/_/

 :: Spring Boot ::                (v3.3.2)

2026-08-16T21:22:22.400+05:30  INFO 15358 --- [obe-backend-test] [           main] c.dypiu.nba.ObeBackendApplicationTests   : Starting ObeBackendApplicationTests using Java 21.0.11 with PID 15358 (started by rajshaikh in /Users/rajshaikh/Desktop/DYPIU-NBA-Attainment-backend/obe-backend)
2026-08-16T21:22:22.400+05:30 DEBUG 15358 --- [obe-backend-test] [           main] c.dypiu.nba.ObeBackendApplicationTests   : Running with Spring Boot v3.3.2, Spring v6.1.11
2026-08-16T21:22:22.400+05:30  INFO 15358 --- [obe-backend-test] [           main] c.dypiu.nba.ObeBackendApplicationTests   : The following 1 profile is active: "test"
2026-08-16T21:22:22.840+05:30  INFO 15358 --- [obe-backend-test] [           main] .s.d.r.c.RepositoryConfigurationDelegate : Bootstrapping Spring Data JPA repositories in DEFAULT mode.
2026-08-16T21:22:22.900+05:30  INFO 15358 --- [obe-backend-test] [           main] .s.d.r.c.RepositoryConfigurationDelegate : Finished Spring Data repository scanning in 56 ms. Found 29 JPA repository interfaces.
2026-08-16T21:22:23.215+05:30  INFO 15358 --- [obe-backend-test] [           main] o.hibernate.jpa.internal.util.LogHelper  : HHH000204: Processing PersistenceUnitInfo [name: default]
2026-08-16T21:22:23.262+05:30  INFO 15358 --- [obe-backend-test] [           main] org.hibernate.Version                    : HHH000412: Hibernate ORM core version 6.5.2.Final
2026-08-16T21:22:23.281+05:30  INFO 15358 --- [obe-backend-test] [           main] o.h.c.internal.RegionFactoryInitiator    : HHH000026: Second-level cache disabled
2026-08-16T21:22:23.438+05:30  INFO 15358 --- [obe-backend-test] [           main] o.s.o.j.p.SpringPersistenceUnitInfo      : No LoadTimeWeaver setup: ignoring JPA class transformer
2026-08-16T21:22:23.450+05:30  INFO 15358 --- [obe-backend-test] [           main] com.zaxxer.hikari.HikariDataSource       : HikariPool-1 - Starting...
2026-08-16T21:22:23.551+05:30  INFO 15358 --- [obe-backend-test] [           main] com.zaxxer.hikari.pool.HikariPool        : HikariPool-1 - Added connection conn0: url=jdbc:h2:mem:dypiu_obe_testdb user=SA
2026-08-16T21:22:23.552+05:30  INFO 15358 --- [obe-backend-test] [           main] com.zaxxer.hikari.HikariDataSource       : HikariPool-1 - Start completed.
2026-08-16T21:22:23.567+05:30  WARN 15358 --- [obe-backend-test] [           main] org.hibernate.orm.deprecation            : HHH90000025: H2Dialect does not need to be specified explicitly using 'hibernate.dialect' (remove the property setting and it will be selected by default)
2026-08-16T21:22:24.223+05:30  INFO 15358 --- [obe-backend-test] [           main] o.h.e.t.j.p.i.JtaPlatformInitiator       : HHH000489: No JTA platform available (set 'hibernate.transaction.jta.platform' to enable JTA platform integration)
Hibernate: 
    drop table if exists approval_history cascade 
Hibernate: 
    drop table if exists approval_requests cascade 
Hibernate: 
    drop table if exists attainment_configurations cascade 
Hibernate: 
    drop table if exists batches cascade 
Hibernate: 
    drop table if exists cc_setup_progress cascade 
Hibernate: 
    drop table if exists co_po_mappings cascade 
Hibernate: 
    drop table if exists co_pso_mappings cascade 
Hibernate: 
    drop table if exists course_atrs cascade 
Hibernate: 
    drop table if exists course_mapping_keywords cascade 
Hibernate: 
    drop table if exists course_offerings cascade 
Hibernate: 
    drop table if exists course_outcomes cascade 
Hibernate: 
    drop table if exists courses cascade 
Hibernate: 
    drop table if exists departments cascade 
Hibernate: 
    drop table if exists director_setup_progress cascade 
Hibernate: 
    drop table if exists hod_setup_progress cascade 
Hibernate: 
    drop table if exists pc_setup_progress cascade 
Hibernate: 
    drop table if exists peo_outcomes cascade 
Hibernate: 
    drop table if exists po_competencies cascade 
Hibernate: 
    drop table if exists programme_atrs cascade 
Hibernate: 
    drop table if exists programme_outcomes cascade 
Hibernate: 
    drop table if exists programme_specific_outcomes cascade 
Hibernate: 
    drop table if exists programme_targets cascade 
Hibernate: 
    drop table if exists programmes cascade 
Hibernate: 
    drop table if exists pso_competencies cascade 
Hibernate: 
    drop table if exists schools cascade 
Hibernate: 
    drop table if exists student_co_marks cascade 
Hibernate: 
    drop table if exists students cascade 
Hibernate: 
    drop table if exists uploaded_documents cascade 
Hibernate: 
    drop table if exists users cascade 
Hibernate: 
    create table approval_history (
        timestamp timestamp(6) with time zone,
        action varchar(255) not null,
        actor_name varchar(255) not null,
        actor_role varchar(255) not null,
        approval_request_id varchar(255) not null,
        comments TEXT,
        id varchar(255) not null,
        primary key (id)
    )
Hibernate: 
    create table approval_requests (
        approved_at timestamp(6) with time zone,
        created_at timestamp(6) with time zone,
        submitted_at timestamp(6) with time zone,
        updated_at timestamp(6) with time zone,
        type varchar(50) not null,
        approved_by varchar(255),
        course_id varchar(255),
        details TEXT,
        id varchar(255) not null,
        programme_id varchar(255),
        remarks TEXT,
        school_id varchar(255),
        status varchar(255),
        submitted_by varchar(255) not null,
        title varchar(255) not null,
        primary key (id)
    )
Hibernate: 
    create table attainment_configurations (
        direct_threshold numeric(38,2) not null,
        direct_weight numeric(38,2) not null,
        indirect_threshold numeric(38,2) not null,
        indirect_weight numeric(38,2) not null,
        created_at timestamp(6) with time zone,
        submitted_at timestamp(6) with time zone,
        updated_at timestamp(6) with time zone,
        course_code varchar(255) not null,
        course_id varchar(255) not null unique,
        course_name varchar(255) not null,
        id varchar(255) not null,
        status varchar(255),
        submitted_by varchar(255),
        primary key (id)
    )
Hibernate: 
    create table batches (
        duration_years integer not null,
        created_at timestamp(6) with time zone,
        updated_at timestamp(6) with time zone,
        end_year varchar(255) not null,
        id varchar(255) not null,
        name varchar(255) not null,
        previous_batch_id varchar(255),
        programme_code varchar(255),
        programme_id varchar(255) not null,
        programme_name varchar(255),
        start_year varchar(255) not null,
        status varchar(255),
        year_level varchar(255),
        primary key (id)
    )
Hibernate: 
    create table cc_setup_progress (
        current_step integer not null,
        updated_at timestamp(6) with time zone,
        completed_steps varchar(500),
        pending_steps varchar(500),
        coordinator_email varchar(255),
        course_id varchar(255) not null unique,
        id varchar(255) not null,
        overall_status enum ('COMPLETED','IN_PROGRESS','NOT_STARTED') not null,
        primary key (id)
    )
Hibernate: 
    create table co_po_mappings (
        mapping_level integer not null,
        created_at timestamp(6) with time zone,
        updated_at timestamp(6) with time zone,
        po_code varchar(20) not null,
        course_outcome_id varchar(255) not null,
        id varchar(255) not null,
        primary key (id)
    )
Hibernate: 
    create table co_pso_mappings (
        mapping_level integer not null,
        created_at timestamp(6) with time zone,
        updated_at timestamp(6) with time zone,
        pso_code varchar(20) not null,
        course_outcome_id varchar(255) not null,
        id varchar(255) not null,
        primary key (id)
    )
Hibernate: 
    create table course_atrs (
        actual_score numeric(38,2) not null,
        pct_achieved numeric(38,2) not null,
        target_score numeric(38,2) not null,
        submitted_at timestamp(6) with time zone,
        co_code varchar(30) not null,
        status varchar(50) not null,
        actions_json TEXT,
        course_id varchar(255) not null,
        course_offering_id varchar(255),
        id varchar(255) not null,
        statement TEXT,
        submitted_by varchar(255),
        title varchar(255),
        primary key (id)
    )
Hibernate: 
    create table course_mapping_keywords (
        created_at timestamp(6) with time zone,
        updated_at timestamp(6) with time zone,
        keyword_type varchar(20) not null,
        course_id varchar(255) not null,
        id varchar(255) not null,
        keywords_json TEXT not null,
        primary key (id)
    )
Hibernate: 
    create table course_offerings (
        semester integer not null,
        created_at timestamp(6) with time zone,
        updated_at timestamp(6) with time zone,
        academic_year varchar(255) not null,
        assigned_faculty TEXT,
        batch_id varchar(255) not null,
        course_coordinator_id varchar(255),
        course_coordinator_name varchar(255),
        course_id varchar(255) not null,
        id varchar(255) not null,
        status varchar(255),
        primary key (id),
        constraint uk_batch_course_sem unique (batch_id, course_id, semester)
    )
Hibernate: 
    create table course_outcomes (
        target_level numeric(38,2),
        created_at timestamp(6) with time zone,
        updated_at timestamp(6) with time zone,
        code varchar(30) not null,
        course_id varchar(255) not null,
        id varchar(255) not null,
        statement TEXT not null,
        primary key (id)
    )
Hibernate: 
    create table courses (
        created_at timestamp(6) with time zone,
        updated_at timestamp(6) with time zone,
        code varchar(50) not null,
        semester varchar(50) not null,
        academic_year varchar(255) not null,
        assigned_faculty TEXT,
        coordinator varchar(255),
        faculty varchar(255),
        id varchar(255) not null,
        name varchar(255) not null,
        programme_id varchar(255) not null,
        primary key (id)
    )
Hibernate: 
    create table departments (
        created_at timestamp(6) with time zone,
        updated_at timestamp(6) with time zone,
        code varchar(20) not null,
        hod varchar(255),
        hod_email varchar(255),
        id varchar(255) not null,
        name varchar(255) not null,
        school_id varchar(255) not null,
        status varchar(255),
        primary key (id)
    )
Hibernate: 
    create table director_setup_progress (
        current_step integer not null,
        updated_at timestamp(6) with time zone,
        completed_steps varchar(500),
        pending_steps varchar(500),
        id varchar(255) not null,
        school_id varchar(255) not null unique,
        current_step_enum enum ('DEPARTMENT','PROGRAMME','REVIEW','SCHOOL') not null,
        overall_status enum ('COMPLETED','IN_PROGRESS','NOT_STARTED') not null,
        primary key (id)
    )
Hibernate: 
    create table hod_setup_progress (
        current_step integer not null,
        updated_at timestamp(6) with time zone,
        completed_steps varchar(500),
        pending_steps varchar(500),
        department_id varchar(255) not null unique,
        hod_email varchar(255),
        id varchar(255) not null,
        overall_status enum ('COMPLETED','IN_PROGRESS','NOT_STARTED') not null,
        primary key (id)
    )
Hibernate: 
    create table pc_setup_progress (
        current_step integer not null,
        updated_at timestamp(6) with time zone,
        completed_steps varchar(500),
        pending_steps varchar(500),
        coordinator_email varchar(255),
        id varchar(255) not null,
        programme_id varchar(255) not null unique,
        overall_status enum ('COMPLETED','IN_PROGRESS','NOT_STARTED') not null,
        primary key (id)
    )
Hibernate: 
    create table peo_outcomes (
        created_at timestamp(6) with time zone,
        code varchar(20) not null,
        academic_year varchar(255) not null,
        id varchar(255) not null,
        programme_id varchar(255) not null,
        statement TEXT not null,
        primary key (id)
    )
Hibernate: 
    create table po_competencies (
        code varchar(30) not null,
        id varchar(255) not null,
        po_id varchar(255),
        statement TEXT not null,
        primary key (id)
    )
Hibernate: 
    create table programme_atrs (
        approved_at timestamp(6) with time zone,
        created_at timestamp(6) with time zone,
        submitted_at timestamp(6) with time zone,
        updated_at timestamp(6) with time zone,
        academic_year varchar(255) not null,
        approved_by varchar(255),
        batch_id varchar(255) not null,
        id varchar(255) not null,
        observations_json TEXT,
        programme_id varchar(255) not null,
        status varchar(255),
        submitted_by varchar(255),
        primary key (id),
        constraint uk_programme_atr_batch unique (programme_id, batch_id)
    )
Hibernate: 
    create table programme_outcomes (
        created_at timestamp(6) with time zone,
        code varchar(20) not null,
        academic_year varchar(255) not null,
        id varchar(255) not null,
        programme_id varchar(255) not null,
        statement TEXT not null,
        primary key (id)
    )
Hibernate: 
    create table programme_specific_outcomes (
        created_at timestamp(6) with time zone,
        code varchar(20) not null,
        academic_year varchar(255) not null,
        id varchar(255) not null,
        programme_id varchar(255) not null,
        statement TEXT not null,
        primary key (id)
    )
Hibernate: 
    create table programme_targets (
        target_value numeric(4,2) not null,
        created_at timestamp(6) with time zone,
        updated_at timestamp(6) with time zone,
        outcome_code varchar(20) not null,
        id varchar(255) not null,
        programme_id varchar(255) not null,
        primary key (id),
        constraint uq_prog_target unique (programme_id, outcome_code)
    )
Hibernate: 
    create table programmes (
        duration_years integer not null,
        created_at timestamp(6) with time zone,
        updated_at timestamp(6) with time zone,
        code varchar(20) not null unique,
        coordinator varchar(255),
        coordinator_email varchar(255),
        department_id varchar(255) not null,
        department_name varchar(255),
        id varchar(255) not null,
        name varchar(255) not null,
        status varchar(255),
        primary key (id)
    )
Hibernate: 
    create table pso_competencies (
        code varchar(30) not null,
        id varchar(255) not null,
        pso_id varchar(255),
        statement TEXT not null,
        primary key (id)
    )
Hibernate: 
    create table schools (
        created_at timestamp(6) with time zone,
        updated_at timestamp(6) with time zone,
        code varchar(20) not null unique,
        director varchar(255),
        director_email varchar(255),
        est_year varchar(255),
        id varchar(255) not null,
        name varchar(255) not null,
        primary key (id)
    )
Hibernate: 
    create table student_co_marks (
        marks_obtained numeric(38,2) not null,
        max_marks numeric(38,2) not null,
        percentage numeric(38,2),
        created_at timestamp(6) with time zone,
        co_code varchar(30) not null,
        prn varchar(50) not null,
        course_id varchar(255) not null,
        id varchar(255) not null,
        student_id varchar(255) not null,
        student_name varchar(255),
        upload_id varchar(255),
        primary key (id)
    )
Hibernate: 
    create table students (
        created_at timestamp(6) with time zone,
        updated_at timestamp(6) with time zone,
        prn varchar(50) not null unique,
        email varchar(150) not null,
        name varchar(150) not null,
        batch_id varchar(255) not null,
        id varchar(255) not null,
        status varchar(255),
        primary key (id)
    )
Hibernate: 
    create table uploaded_documents (
        records_processed integer,
        threshold_percentage numeric(38,2),
        file_size bigint,
        uploaded_at timestamp(6) with time zone,
        document_type varchar(50) not null,
        batch_name varchar(255),
        course_id varchar(255) not null,
        file_name varchar(255) not null,
        id varchar(255) not null,
        programme_id varchar(255),
        saved_file_name varchar(255) not null,
        saved_path varchar(255) not null,
        uploaded_by varchar(255),
        primary key (id)
    )
Hibernate: 
    create table users (
        is_active boolean,
        created_at timestamp(6) with time zone,
        id bigint generated by default as identity,
        updated_at timestamp(6) with time zone,
        role varchar(50) not null,
        username varchar(100) not null unique,
        email varchar(150) not null unique,
        name varchar(150) not null,
        department varchar(255),
        password_hash varchar(255) not null,
        programme varchar(255),
        primary key (id)
    )
2026-08-16T21:22:24.263+05:30  INFO 15358 --- [obe-backend-test] [           main] j.LocalContainerEntityManagerFactoryBean : Initialized JPA EntityManagerFactory for persistence unit 'default'
2026-08-16T21:22:24.693+05:30  INFO 15358 --- [obe-backend-test] [           main] o.s.d.j.r.query.QueryEnhancerFactory     : Hibernate is in classpath; If applicable, HQL parser will be used.
2026-08-16T21:22:25.011+05:30  WARN 15358 --- [obe-backend-test] [           main] JpaBaseConfiguration$JpaWebConfiguration : spring.jpa.open-in-view is enabled by default. Therefore, database queries may be performed during view rendering. Explicitly configure spring.jpa.open-in-view to disable this warning
2026-08-16T21:22:25.024+05:30  INFO 15358 --- [obe-backend-test] [           main] r$InitializeUserDetailsManagerConfigurer : Global AuthenticationManager configured with UserDetailsService bean with name customUserDetailsService
2026-08-16T21:22:25.381+05:30  INFO 15358 --- [obe-backend-test] [           main] c.dypiu.nba.ObeBackendApplicationTests   : Started ObeBackendApplicationTests in 3.137 seconds (process running for 3.676)
]]></system-out>
    <system-err><![CDATA[WARNING: A Java agent has been loaded dynamically (/Users/rajshaikh/.m2/repository/net/bytebuddy/byte-buddy-agent/1.14.18/byte-buddy-agent-1.14.18.jar)
WARNING: If a serviceability tool is in use, please run with -XX:+EnableDynamicAgentLoading to hide this warning
WARNING: If a serviceability tool is not in use, please run with -Djdk.instrument.traceUsage for more information
WARNING: Dynamic loading of agents will be disallowed by default in a future release
]]></system-err>
  </testcase>
</testsuite>