<?xml version="1.0" encoding="UTF-8"?>
<testsuite xmlns:xsi="http://www.w3.org/2001/XMLSchema-instance" xsi:noNamespaceSchemaLocation="https://maven.apache.org/surefire/maven-surefire-plugin/xsd/surefire-test-report-3.0.xsd" version="3.0" name="com.dypiu.nba.security.DirectorAndHodScopeSecurityTest" time="4.301" tests="23" errors="0" skipped="0" failures="0">
  <properties>
[...]
</properties>
  <testcase name="testDirectorUsersScopedToSchoolA" classname="com.dypiu.nba.security.DirectorAndHodScopeSecurityTest" time="0.128">
    <system-out><![CDATA[22:51:12.534 [main] INFO org.springframework.test.context.support.AnnotationConfigContextLoaderUtils -- Could not detect default configuration classes for test class [com.dypiu.nba.security.DirectorAndHodScopeSecurityTest]: DirectorAndHodScopeSecurityTest does not declare any static, non-private, non-final, nested classes annotated with @Configuration.
22:51:12.609 [main] INFO org.springframework.boot.test.context.SpringBootTestContextBootstrapper -- Found @SpringBootConfiguration com.dypiu.nba.ObeBackendApplication for test class com.dypiu.nba.security.DirectorAndHodScopeSecurityTest

  .   ____          _            __ _ _
 /\\ / ___'_ __ _ _(_)_ __  __ _ \ \ \ \
( ( )\___ | '_ | '_| | '_ \/ _` | \ \ \ \
 \\/  ___)| |_)| | | | | || (_| |  ) ) ) )
  '  |____| .__|_| |_|_| |_\__, | / / / /
 =========|_|==============|___/=/_/_/_/

 :: Spring Boot ::                (v3.3.2)

2026-08-18T22:51:12.941+05:30  INFO 81860 --- [obe-backend] [           main] c.d.n.s.DirectorAndHodScopeSecurityTest  : Starting DirectorAndHodScopeSecurityTest using Java 21.0.12 with PID 81860 (started by rajshaikh in /Users/rajshaikh/Desktop/DYPIU-NBA-Attainment-backend/obe-backend)
2026-08-18T22:51:12.942+05:30 DEBUG 81860 --- [obe-backend] [           main] c.d.n.s.DirectorAndHodScopeSecurityTest  : Running with Spring Boot v3.3.2, Spring v6.1.11
2026-08-18T22:51:12.942+05:30  INFO 81860 --- [obe-backend] [           main] c.d.n.s.DirectorAndHodScopeSecurityTest  : The following 1 profile is active: "dev"
2026-08-18T22:51:13.368+05:30  INFO 81860 --- [obe-backend] [           main] .s.d.r.c.RepositoryConfigurationDelegate : Bootstrapping Spring Data JPA repositories in DEFAULT mode.
2026-08-18T22:51:13.429+05:30  INFO 81860 --- [obe-backend] [           main] .s.d.r.c.RepositoryConfigurationDelegate : Finished Spring Data repository scanning in 56 ms. Found 29 JPA repository interfaces.
2026-08-18T22:51:13.807+05:30  INFO 81860 --- [obe-backend] [           main] com.zaxxer.hikari.HikariDataSource       : HikariPool-1 - Starting...
2026-08-18T22:51:13.929+05:30  INFO 81860 --- [obe-backend] [           main] com.zaxxer.hikari.pool.HikariPool        : HikariPool-1 - Added connection org.postgresql.jdbc.PgConnection@67b3960b
2026-08-18T22:51:13.930+05:30  INFO 81860 --- [obe-backend] [           main] com.zaxxer.hikari.HikariDataSource       : HikariPool-1 - Start completed.
2026-08-18T22:51:13.960+05:30  INFO 81860 --- [obe-backend] [           main] org.flywaydb.core.FlywayExecutor         : Database: jdbc:postgresql://localhost:5432/dypiu_obe_db (PostgreSQL 18.4)
2026-08-18T22:51:13.965+05:30  WARN 81860 --- [obe-backend] [           main] o.f.c.internal.database.base.Database    : Flyway upgrade recommended: PostgreSQL 18.4 is newer than this version of Flyway and support has not been tested. The latest supported version of PostgreSQL is 16.
2026-08-18T22:51:14.014+05:30  INFO 81860 --- [obe-backend] [           main] o.f.core.internal.command.DbMigrate      : Current version of schema "public": 5
2026-08-18T22:51:14.016+05:30  INFO 81860 --- [obe-backend] [           main] o.f.core.internal.command.DbMigrate      : Schema "public" is up to date. No migration necessary.
2026-08-18T22:51:14.082+05:30  INFO 81860 --- [obe-backend] [           main] o.hibernate.jpa.internal.util.LogHelper  : HHH000204: Processing PersistenceUnitInfo [name: default]
2026-08-18T22:51:14.122+05:30  INFO 81860 --- [obe-backend] [           main] org.hibernate.Version                    : HHH000412: Hibernate ORM core version 6.5.2.Final
2026-08-18T22:51:14.141+05:30  INFO 81860 --- [obe-backend] [           main] o.h.c.internal.RegionFactoryInitiator    : HHH000026: Second-level cache disabled
2026-08-18T22:51:14.210+05:30  INFO 81860 --- [obe-backend] [           main] o.s.o.j.p.SpringPersistenceUnitInfo      : No LoadTimeWeaver setup: ignoring JPA class transformer
2026-08-18T22:51:14.242+05:30  WARN 81860 --- [obe-backend] [           main] org.hibernate.orm.deprecation            : HHH90000025: PostgreSQLDialect does not need to be specified explicitly using 'hibernate.dialect' (remove the property setting and it will be selected by default)
2026-08-18T22:51:14.842+05:30  INFO 81860 --- [obe-backend] [           main] o.h.e.t.j.p.i.JtaPlatformInitiator       : HHH000489: No JTA platform available (set 'hibernate.transaction.jta.platform' to enable JTA platform integration)
2026-08-18T22:51:14.895+05:30  INFO 81860 --- [obe-backend] [           main] j.LocalContainerEntityManagerFactoryBean : Initialized JPA EntityManagerFactory for persistence unit 'default'
2026-08-18T22:51:15.394+05:30  INFO 81860 --- [obe-backend] [           main] o.s.d.j.r.query.QueryEnhancerFactory     : Hibernate is in classpath; If applicable, HQL parser will be used.
2026-08-18T22:51:15.670+05:30  WARN 81860 --- [obe-backend] [           main] JpaBaseConfiguration$JpaWebConfiguration : spring.jpa.open-in-view is enabled by default. Therefore, database queries may be performed during view rendering. Explicitly configure spring.jpa.open-in-view to disable this warning
2026-08-18T22:51:15.683+05:30  INFO 81860 --- [obe-backend] [           main] r$InitializeUserDetailsManagerConfigurer : Global AuthenticationManager configured with UserDetailsService bean with name customUserDetailsService
2026-08-18T22:51:16.041+05:30  INFO 81860 --- [obe-backend] [           main] c.d.n.s.DirectorAndHodScopeSecurityTest  : Started DirectorAndHodScopeSecurityTest in 3.352 seconds (process running for 4.596)
[AcademicService] getUsersByRole called | role: ALL
[AcademicService] Fetched users by role (ALL): count=3
]]></system-out>
  </testcase>
  <testcase name="testHodCannotAccessDeptB1Course" classname="com.dypiu.nba.security.DirectorAndHodScopeSecurityTest" time="0.046">
    <system-out><![CDATA[[AcademicService] getCourseById called | id: crs-test-b1-82435297936791
[AcademicService] deleteCourse called | id: crs-test-b1-82435297936791
]]></system-out>
  </testcase>
  <testcase name="testDirectorCannotAccessSchoolBBatch" classname="com.dypiu.nba.security.DirectorAndHodScopeSecurityTest" time="0.03">
    <system-out><![CDATA[[AcademicService] getBatchById called | id: batch-test-b1-82435341759583
[AcademicService] deleteBatch called | id: batch-test-b1-82435341759583
]]></system-out>
  </testcase>
  <testcase name="testHodCannotAccessDeptB1Batch" classname="com.dypiu.nba.security.DirectorAndHodScopeSecurityTest" time="0.02">
    <system-out><![CDATA[[AcademicService] getBatchById called | id: batch-test-b1-82435363282125
[AcademicService] deleteBatch called | id: batch-test-b1-82435363282125
]]></system-out>
  </testcase>
  <testcase name="testHodCoursesScopedToDeptA1" classname="com.dypiu.nba.security.DirectorAndHodScopeSecurityTest" time="0.031">
    <system-out><![CDATA[[AcademicService] getAllCourses called
]]></system-out>
  </testcase>
  <testcase name="testDirectorCannotAccessSchoolBCourse" classname="com.dypiu.nba.security.DirectorAndHodScopeSecurityTest" time="0.019">
    <system-out><![CDATA[[AcademicService] getCourseById called | id: crs-test-b1-82435415592000
[AcademicService] deleteCourse called | id: crs-test-b1-82435415592000
]]></system-out>
  </testcase>
  <testcase name="testDirectorSetupProgressIsolated" classname="com.dypiu.nba.security.DirectorAndHodScopeSecurityTest" time="0.032">
    <system-out><![CDATA[[AcademicService] getDirectorSetupProgress called | schoolId: sch-test-a-82435427701875 | directorEmail: director.a@dypiu.ac.in
[AcademicService] Fetched director setup progress for schoolId: sch-test-a-82435427701875 at step: 1, completedSteps: []
[AcademicService] getDirectorSetupProgress called | schoolId: sch-test-b-82435428580166 | directorEmail: null
]]></system-out>
  </testcase>
  <testcase name="testHodAccessDashboardDeptA1" classname="com.dypiu.nba.security.DirectorAndHodScopeSecurityTest" time="0.049">
    <system-out><![CDATA[[AcademicService] getHodSetupProgress called | departmentId: dept-test-a1-82435462846916 | hodEmail: hod.a1@dypiu.ac.in
]]></system-out>
  </testcase>
  <testcase name="testHodCannotAccessDeptB1Programme" classname="com.dypiu.nba.security.DirectorAndHodScopeSecurityTest" time="0.031">
    <system-out><![CDATA[[AcademicService] getProgrammeById called | id: prog-test-b1-82435514856625
[AcademicService] deleteProgramme called | id: prog-test-b1-82435514856625
]]></system-out>
  </testcase>
  <testcase name="testDirectorBatchesScopedToSchoolA" classname="com.dypiu.nba.security.DirectorAndHodScopeSecurityTest" time="0.022">
    <system-out><![CDATA[[AcademicService] getAllBatches called
]]></system-out>
  </testcase>
  <testcase name="testDirectorSchoolBypassAttemptIgnored" classname="com.dypiu.nba.security.DirectorAndHodScopeSecurityTest" time="0.032">
    <system-out><![CDATA[[AcademicService] getDirectorSetupProgress called | schoolId: sch-test-a-82435563719333 | directorEmail: director.a@dypiu.ac.in
[AcademicService] Fetched director setup progress for schoolId: sch-test-a-82435563719333 at step: 1, completedSteps: []
]]></system-out>
  </testcase>
  <testcase name="testDirectorProgrammesScopedToSchoolA" classname="com.dypiu.nba.security.DirectorAndHodScopeSecurityTest" time="0.029">
    <system-out><![CDATA[[AcademicService] getAllProgrammes called
[AcademicService] getProgrammesBySchool called | schoolId: sch-test-a-82435596671458
[AcademicService] Fetched programmes (1 items) for schoolId: sch-test-a-82435596671458
]]></system-out>
  </testcase>
  <testcase name="testDirectorAccessDashboardSchoolA" classname="com.dypiu.nba.security.DirectorAndHodScopeSecurityTest" time="0.019">
    <system-out><![CDATA[[AcademicService] getDirectorSetupProgress called | schoolId: sch-test-a-82435626723125 | directorEmail: director.a@dypiu.ac.in
[AcademicService] Fetched director setup progress for schoolId: sch-test-a-82435626723125 at step: 1, completedSteps: []
]]></system-out>
  </testcase>
  <testcase name="testAdminUnrestrictedAccess" classname="com.dypiu.nba.security.DirectorAndHodScopeSecurityTest" time="0.022">
    <system-out><![CDATA[[AcademicService] getAllSchools called
[AcademicService] Fetched all schools list (3 items)
[AcademicService] getDepartmentById called | id: dept-test-a1-82435647243875
[AcademicService] getDepartmentById called | id: dept-test-b1-82435648418083
[AcademicService] getProgrammeById called | id: prog-test-a1-82435649171208
[AcademicService] getProgrammeById called | id: prog-test-b1-82435649671708
[AcademicService] getBatchById called | id: batch-test-a1-82435650088416
[AcademicService] getBatchById called | id: batch-test-b1-82435650401041
[AcademicService] getCourseById called | id: crs-test-a1-82435651053625
[AcademicService] getCourseById called | id: crs-test-b1-82435651936916
]]></system-out>
  </testcase>
  <testcase name="testDirectorDepartmentsScopedToSchoolA" classname="com.dypiu.nba.security.DirectorAndHodScopeSecurityTest" time="0.036">
    <system-out><![CDATA[[AcademicService] getAllDepartments called
]]></system-out>
  </testcase>
  <testcase name="testDirectorSchoolSummaryIsolated" classname="com.dypiu.nba.security.DirectorAndHodScopeSecurityTest" time="0.024">
    <system-out><![CDATA[[AcademicService] Starting school summary fetch for directorEmail: director.a@dypiu.ac.in
[AcademicService] Fetched director school summary for school: School of Engineering A (ID: sch-test-a-82435705821583)
]]></system-out>
  </testcase>
  <testcase name="testHodSummaryAndProgressIsolated" classname="com.dypiu.nba.security.DirectorAndHodScopeSecurityTest" time="0.027">
    <system-out><![CDATA[[AcademicService] getHodDepartmentSummary called | departmentId: dept-test-a1-82435730877708 | hodEmail: hod.a1@dypiu.ac.in
[AcademicService] getHodSetupProgress called | departmentId: dept-test-a1-82435730877708 | hodEmail: hod.a1@dypiu.ac.in
[AcademicService] Fetched HOD department summary for deptId: dept-test-a1-82435730877708 (Computer Science A1) | hodEmail: hod.a1@dypiu.ac.in
[AcademicService] getHodSetupProgress called | departmentId: dept-test-a1-82435730877708 | hodEmail: hod.a1@dypiu.ac.in
[AcademicService] getHodDepartmentSummary called | departmentId: dept-test-a2-82435731776875 | hodEmail: null
[AcademicService] getHodDepartmentSummary called | departmentId: dept-test-b1-82435732928791 | hodEmail: null
]]></system-out>
  </testcase>
  <testcase name="testDirectorCannotAccessSchoolBProgramme" classname="com.dypiu.nba.security.DirectorAndHodScopeSecurityTest" time="0.025">
    <system-out><![CDATA[[AcademicService] getProgrammeById called | id: prog-test-b1-82435759231666
[AcademicService] deleteProgramme called | id: prog-test-b1-82435759231666
]]></system-out>
  </testcase>
  <testcase name="testHodBatchesScopedToDeptA1" classname="com.dypiu.nba.security.DirectorAndHodScopeSecurityTest" time="0.013">
    <system-out><![CDATA[[AcademicService] getAllBatches called
]]></system-out>
  </testcase>
  <testcase name="testHodCannotAccessOtherDepartmentDashboard" classname="com.dypiu.nba.security.DirectorAndHodScopeSecurityTest" time="0.029">
    <system-out><![CDATA[[AcademicService] getHodSetupProgress called | departmentId: dept-test-a1-82435797801208 | hodEmail: hod.a1@dypiu.ac.in
]]></system-out>
  </testcase>
  <testcase name="testDirectorCannotAccessSchoolBDepartment" classname="com.dypiu.nba.security.DirectorAndHodScopeSecurityTest" time="0.013">
    <system-out><![CDATA[[AcademicService] getDepartmentById called | id: dept-test-b1-82435826799833
[AcademicService] deleteDepartment called | id: dept-test-b1-82435826799833
]]></system-out>
  </testcase>
  <testcase name="testHodProgrammesScopedToDeptA1" classname="com.dypiu.nba.security.DirectorAndHodScopeSecurityTest" time="0.022">
    <system-out><![CDATA[[AcademicService] getAllProgrammes called
[AcademicService] getProgrammesByDepartment called | departmentId: dept-test-a1-82435838859750
[AcademicService] Fetched programmes (1 items) for departmentId: dept-test-a1-82435838859750
]]></system-out>
  </testcase>
  <testcase name="testDirectorCoursesScopedToSchoolA" classname="com.dypiu.nba.security.DirectorAndHodScopeSecurityTest" time="0.015">
    <system-out><![CDATA[[AcademicService] getAllCourses called
]]></system-out>
  </testcase>
</testsuite>