<?xml version="1.0" encoding="UTF-8"?>
<testsuite xmlns:xsi="http://www.w3.org/2001/XMLSchema-instance" xsi:noNamespaceSchemaLocation="https://maven.apache.org/surefire/maven-surefire-plugin/xsd/surefire-test-report-3.0.xsd" version="3.0" name="com.dypiu.nba.service.FrontendContractHardeningIntegrationTest" time="2.301" tests="10" errors="0" skipped="0" failures="0">
  <properties>
[...]
</properties>
  <testcase name="testCoAttainmentDetailsAndSummaryCalculation" classname="com.dypiu.nba.service.FrontendContractHardeningIntegrationTest" time="0.297">
    <system-out><![CDATA[2026-08-18T05:29:52.912+05:30  INFO 39358 --- [obe-backend-test] [           main] t.c.s.AnnotationConfigContextLoaderUtils : Could not detect default configuration classes for test class [com.dypiu.nba.service.FrontendContractHardeningIntegrationTest]: FrontendContractHardeningIntegrationTest does not declare any static, non-private, non-final, nested classes annotated with @Configuration.
2026-08-18T05:29:52.940+05:30  INFO 39358 --- [obe-backend-test] [           main] .b.t.c.SpringBootTestContextBootstrapper : Found @SpringBootConfiguration com.dypiu.nba.ObeBackendApplication for test class com.dypiu.nba.service.FrontendContractHardeningIntegrationTest

  .   ____          _            __ _ _
 /\\ / ___'_ __ _ _(_)_ __  __ _ \ \ \ \
( ( )\___ | '_ | '_| | '_ \/ _` | \ \ \ \
 \\/  ___)| |_)| | | | | || (_| |  ) ) ) )
  '  |____| .__|_| |_|_| |_\__, | / / / /
 =========|_|==============|___/=/_/_/_/

 :: Spring Boot ::                (v3.3.2)

2026-08-18T05:29:52.968+05:30  INFO 39358 --- [obe-backend-test] [           main] FrontendContractHardeningIntegrationTest : Starting FrontendContractHardeningIntegrationTest using Java 21.0.12 with PID 39358 (started by rajshaikh in /Users/rajshaikh/Desktop/DYPIU-NBA-Attainment-backend/obe-backend)
2026-08-18T05:29:52.968+05:30 DEBUG 39358 --- [obe-backend-test] [           main] FrontendContractHardeningIntegrationTest : Running with Spring Boot v3.3.2, Spring v6.1.11
2026-08-18T05:29:52.968+05:30  INFO 39358 --- [obe-backend-test] [           main] FrontendContractHardeningIntegrationTest : The following 1 profile is active: "dev"
2026-08-18T05:29:53.135+05:30  INFO 39358 --- [obe-backend-test] [           main] .s.d.r.c.RepositoryConfigurationDelegate : Bootstrapping Spring Data JPA repositories in DEFAULT mode.
2026-08-18T05:29:53.159+05:30  INFO 39358 --- [obe-backend-test] [           main] .s.d.r.c.RepositoryConfigurationDelegate : Finished Spring Data repository scanning in 23 ms. Found 29 JPA repository interfaces.
2026-08-18T05:29:53.356+05:30  INFO 39358 --- [obe-backend-test] [           main] com.zaxxer.hikari.HikariDataSource       : HikariPool-2 - Starting...
2026-08-18T05:29:53.464+05:30  INFO 39358 --- [obe-backend-test] [           main] com.zaxxer.hikari.pool.HikariPool        : HikariPool-2 - Added connection org.postgresql.jdbc.PgConnection@7fdd4b67
2026-08-18T05:29:53.464+05:30  INFO 39358 --- [obe-backend-test] [           main] com.zaxxer.hikari.HikariDataSource       : HikariPool-2 - Start completed.
2026-08-18T05:29:53.479+05:30  INFO 39358 --- [obe-backend-test] [           main] org.flywaydb.core.FlywayExecutor         : Database: jdbc:postgresql://localhost:5432/dypiu_obe_db (PostgreSQL 18.4)
2026-08-18T05:29:53.485+05:30  WARN 39358 --- [obe-backend-test] [           main] o.f.c.internal.database.base.Database    : Flyway upgrade recommended: PostgreSQL 18.4 is newer than this version of Flyway and support has not been tested. The latest supported version of PostgreSQL is 16.
2026-08-18T05:29:53.546+05:30  INFO 39358 --- [obe-backend-test] [           main] o.f.core.internal.command.DbMigrate      : Current version of schema "public": 5
2026-08-18T05:29:53.548+05:30  INFO 39358 --- [obe-backend-test] [           main] o.f.core.internal.command.DbMigrate      : Schema "public" is up to date. No migration necessary.
2026-08-18T05:29:53.570+05:30  INFO 39358 --- [obe-backend-test] [           main] o.hibernate.jpa.internal.util.LogHelper  : HHH000204: Processing PersistenceUnitInfo [name: default]
2026-08-18T05:29:53.571+05:30  INFO 39358 --- [obe-backend-test] [           main] o.h.c.internal.RegionFactoryInitiator    : HHH000026: Second-level cache disabled
2026-08-18T05:29:53.575+05:30  INFO 39358 --- [obe-backend-test] [           main] o.s.o.j.p.SpringPersistenceUnitInfo      : No LoadTimeWeaver setup: ignoring JPA class transformer
2026-08-18T05:29:53.583+05:30  WARN 39358 --- [obe-backend-test] [           main] org.hibernate.orm.deprecation            : HHH90000025: PostgreSQLDialect does not need to be specified explicitly using 'hibernate.dialect' (remove the property setting and it will be selected by default)
2026-08-18T05:29:53.896+05:30  INFO 39358 --- [obe-backend-test] [           main] o.h.e.t.j.p.i.JtaPlatformInitiator       : HHH000489: No JTA platform available (set 'hibernate.transaction.jta.platform' to enable JTA platform integration)
2026-08-18T05:29:53.935+05:30  INFO 39358 --- [obe-backend-test] [           main] j.LocalContainerEntityManagerFactoryBean : Initialized JPA EntityManagerFactory for persistence unit 'default'
2026-08-18T05:29:54.377+05:30  WARN 39358 --- [obe-backend-test] [           main] JpaBaseConfiguration$JpaWebConfiguration : spring.jpa.open-in-view is enabled by default. Therefore, database queries may be performed during view rendering. Explicitly configure spring.jpa.open-in-view to disable this warning
2026-08-18T05:29:54.385+05:30  INFO 39358 --- [obe-backend-test] [           main] r$InitializeUserDetailsManagerConfigurer : Global AuthenticationManager configured with UserDetailsService bean with name customUserDetailsService
2026-08-18T05:29:54.569+05:30  INFO 39358 --- [obe-backend-test] [           main] FrontendContractHardeningIntegrationTest : Started FrontendContractHardeningIntegrationTest in 1.627 seconds (process running for 6.972)
[AttainmentCalculationService] calculateCourseCoAttainment called | courseOfferingOrCourseId: off-test-5a3b4b
[AttainmentCalculationService] getAttainmentConfig called | courseOfferingOrCourseId: off-test-5a3b4b
[AttainmentCalculationService] getExaminationAttainment called | courseOfferingOrCourseId: off-test-5a3b4b
[AttainmentCalculationService] getSurveyAttainment called | courseOfferingOrCourseId: off-test-5a3b4b
]]></system-out>
  </testcase>
  <testcase name="testCourseAllocationAndApprovalWorkflow" classname="com.dypiu.nba.service.FrontendContractHardeningIntegrationTest" time="0.039"/>
  <testcase name="testUnknownAndEmptyKeys" classname="com.dypiu.nba.service.FrontendContractHardeningIntegrationTest" time="0.023"/>
  <testcase name="testConsolidatedOutcomesAndCoTargets" classname="com.dypiu.nba.service.FrontendContractHardeningIntegrationTest" time="0.021"/>
  <testcase name="testCaseA_CourseOfferingVerificationStatus" classname="com.dypiu.nba.service.FrontendContractHardeningIntegrationTest" time="0.045">
    <system-out><![CDATA[[ApprovalService] verifyStatus called | key: off-test-244913 | statusType: atrStatus | statusValue: APPROVED
[ApprovalService] requestRevisionStatus called | key: off-test-244913 | statusType: coStatus | remarks: Revise CO2 Bloom taxonomy.
]]></system-out>
  </testcase>
  <testcase name="testCaseD_ProgrammeAtrVerificationStatus" classname="com.dypiu.nba.service.FrontendContractHardeningIntegrationTest" time="0.027">
    <system-out><![CDATA[[ApprovalService] verifyStatus called | key: prog-atr-prog-test-6a7ac9 | statusType: programmeAtrStatus | statusValue: APPROVED
[ApprovalService] requestRevisionStatus called | key: prog-atr-prog-test-6a7ac9 | statusType: programmeAtrStatus | remarks: Please elaborate on action taken for PO4.
]]></system-out>
  </testcase>
  <testcase name="testCaseC_PoPsoTargetsVerificationStatus" classname="com.dypiu.nba.service.FrontendContractHardeningIntegrationTest" time="0.035">
    <system-out><![CDATA[[ApprovalService] verifyStatus called | key: targets-prog-test-dd2441 | statusType: poPsoTargetsStatus | statusValue: APPROVED
[ApprovalService] requestRevisionStatus called | key: targets-prog-test-dd2441 | statusType: poPsoTargetsStatus | remarks: Adjust PSO2 target to 2.60.
]]></system-out>
  </testcase>
  <testcase name="testCourseMappingMatrixCalculation" classname="com.dypiu.nba.service.FrontendContractHardeningIntegrationTest" time="0.08">
    <system-out><![CDATA[[OutcomeService] getCourseMappings called | courseIdOrOfferingId: off-test-a4dde6
[OutcomeService] getCOsByCourse called | courseIdOrOfferingId: off-test-a4dde6
================================================================================
[OutcomeService] >>> getPOsByProgramme called | programmeId: prog-test-fb011a
[OutcomeService] No POs found in DB for programmeId: prog-test-fb011a. Seeding default POs...
  [PO ENTRY] Code: PO1 | Statement: Engineering Knowledge: Apply knowledge of mathematics, science, engineering fundamentals, and computer engineering to solve complex problems.
      -> Competency Code: PO1.1 | Statement: Demonstrate core competency and analytical skills for PO1
      -> Competency Code: PO1.2 | Statement: Apply contextual knowledge and modern methods for PO1
  [PO ENTRY] Code: PO2 | Statement: Problem Analysis: Identify, formulate, review research literature, and analyze complex engineering problems reaching substantiated conclusions.
      -> Competency Code: PO2.1 | Statement: Demonstrate core competency and analytical skills for PO2
      -> Competency Code: PO2.2 | Statement: Apply contextual knowledge and modern methods for PO2
  [PO ENTRY] Code: PO3 | Statement: Design/Development of Solutions: Design solutions for complex engineering problems and design system components or processes.
      -> Competency Code: PO3.1 | Statement: Demonstrate core competency and analytical skills for PO3
      -> Competency Code: PO3.2 | Statement: Apply contextual knowledge and modern methods for PO3
  [PO ENTRY] Code: PO4 | Statement: Conduct Investigations of Complex Problems: Use research-based knowledge and research methods including design of experiments, analysis and interpretation of data.
      -> Competency Code: PO4.1 | Statement: Demonstrate core competency and analytical skills for PO4
      -> Competency Code: PO4.2 | Statement: Apply contextual knowledge and modern methods for PO4
  [PO ENTRY] Code: PO5 | Statement: Modern Tool Usage: Create, select, and apply appropriate techniques, resources, and modern engineering and IT tools.
      -> Competency Code: PO5.1 | Statement: Demonstrate core competency and analytical skills for PO5
      -> Competency Code: PO5.2 | Statement: Apply contextual knowledge and modern methods for PO5
  [PO ENTRY] Code: PO6 | Statement: The Engineer and Society: Apply reasoning informed by contextual knowledge to assess societal, health, safety, legal and cultural issues.
      -> Competency Code: PO6.1 | Statement: Demonstrate core competency and analytical skills for PO6
      -> Competency Code: PO6.2 | Statement: Apply contextual knowledge and modern methods for PO6
  [PO ENTRY] Code: PO7 | Statement: Environment and Sustainability: Understand the impact of professional engineering solutions in societal and environmental contexts.
      -> Competency Code: PO7.1 | Statement: Demonstrate core competency and analytical skills for PO7
      -> Competency Code: PO7.2 | Statement: Apply contextual knowledge and modern methods for PO7
  [PO ENTRY] Code: PO8 | Statement: Ethics: Apply ethical principles and commit to professional ethics and responsibilities and norms of engineering practice.
      -> Competency Code: PO8.1 | Statement: Demonstrate core competency and analytical skills for PO8
      -> Competency Code: PO8.2 | Statement: Apply contextual knowledge and modern methods for PO8
  [PO ENTRY] Code: PO9 | Statement: Individual and Team Work: Function effectively as an individual, and as a member or leader in diverse teams, and in multidisciplinary settings.
      -> Competency Code: PO9.1 | Statement: Demonstrate core competency and analytical skills for PO9
      -> Competency Code: PO9.2 | Statement: Apply contextual knowledge and modern methods for PO9
  [PO ENTRY] Code: PO10 | Statement: Communication: Communicate effectively on complex engineering activities with the engineering community and with society at large.
      -> Competency Code: PO10.1 | Statement: Demonstrate core competency and analytical skills for PO10
      -> Competency Code: PO10.2 | Statement: Apply contextual knowledge and modern methods for PO10
  [PO ENTRY] Code: PO11 | Statement: Project Management and Finance: Demonstrate knowledge and understanding of engineering and management principles and apply these to manage projects.
      -> Competency Code: PO11.1 | Statement: Demonstrate core competency and analytical skills for PO11
      -> Competency Code: PO11.2 | Statement: Apply contextual knowledge and modern methods for PO11
  [PO ENTRY] Code: PO12 | Statement: Life-long Learning: Recognize the need for, and have the preparation and ability to engage in independent and life-long learning in the broadest context of technological change.
      -> Competency Code: PO12.1 | Statement: Demonstrate core competency and analytical skills for PO12
      -> Competency Code: PO12.2 | Statement: Apply contextual knowledge and modern methods for PO12
[OutcomeService] <<< OUTGOING POs Payload (12 items) for programmeId: prog-test-fb011a
================================================================================
================================================================================
[OutcomeService] >>> getPSOsByProgramme called | programmeId: prog-test-fb011a
[OutcomeService] No PSOs found in DB for programmeId: prog-test-fb011a. Seeding default PSOs...
  [PSO ENTRY] Code: PSO1 | Statement: Software System Design & Development: Ability to design, build, test and maintain scalable software applications using modern frameworks.
      -> Competency Code: PSO1.1 | Statement: Demonstrate specialized domain skill statement 1 for PSO1
      -> Competency Code: PSO1.2 | Statement: Implement practical design and architecture solutions for PSO1
  [PSO ENTRY] Code: PSO2 | Statement: Data Analytics & AI Integration: Ability to apply data structures, machine learning algorithms and statistical models to extract insights.
      -> Competency Code: PSO2.1 | Statement: Demonstrate specialized domain skill statement 1 for PSO2
      -> Competency Code: PSO2.2 | Statement: Implement practical design and architecture solutions for PSO2
  [PSO ENTRY] Code: PSO3 | Statement: Network Architecture & Security: Ability to configure, analyze and secure computer networks, cloud infrastructure and distributed systems.
      -> Competency Code: PSO3.1 | Statement: Demonstrate specialized domain skill statement 1 for PSO3
      -> Competency Code: PSO3.2 | Statement: Implement practical design and architecture solutions for PSO3
[OutcomeService] <<< OUTGOING PSOs Payload (3 items) for programmeId: prog-test-fb011a
================================================================================
]]></system-out>
  </testcase>
  <testcase name="testRoleScopedDashboardAndHodCoordinators" classname="com.dypiu.nba.service.FrontendContractHardeningIntegrationTest" time="0.022"/>
  <testcase name="testCaseB_AllocationVerificationStatus" classname="com.dypiu.nba.service.FrontendContractHardeningIntegrationTest" time="0.041">
    <system-out><![CDATA[[ApprovalService] verifyStatus called | key: allocation-prog-test-d801d7 | statusType: allocationStatus | statusValue: APPROVED
[ApprovalService] requestRevisionStatus called | key: allocation-prog-test-d801d7 | statusType: allocationStatus | remarks: Reassign CS302 coordinator.
]]></system-out>
  </testcase>
</testsuite>