<?xml version="1.0" encoding="UTF-8"?>
<testsuite xmlns:xsi="http://www.w3.org/2001/XMLSchema-instance" xsi:noNamespaceSchemaLocation="https://maven.apache.org/surefire/maven-surefire-plugin/xsd/surefire-test-report-3.0.xsd" version="3.0" name="com.dypiu.nba.security.ProgrammeCoordinatorScopeSecurityTest" time="0.678" tests="25" errors="0" skipped="0" failures="0">
  <properties>
[...]
</properties>
  <testcase name="testCase8_PCGetProgrammeByIdOtherForbidden" classname="com.dypiu.nba.security.ProgrammeCoordinatorScopeSecurityTest" time="0.027">
    <system-out><![CDATA[2026-08-19T02:50:15.923+05:30  INFO 83993 --- [obe-backend] [           main] t.c.s.AnnotationConfigContextLoaderUtils : Could not detect default configuration classes for test class [com.dypiu.nba.security.ProgrammeCoordinatorScopeSecurityTest]: ProgrammeCoordinatorScopeSecurityTest does not declare any static, non-private, non-final, nested classes annotated with @Configuration.
2026-08-19T02:50:15.924+05:30  INFO 83993 --- [obe-backend] [           main] .b.t.c.SpringBootTestContextBootstrapper : Found @SpringBootConfiguration com.dypiu.nba.ObeBackendApplication for test class com.dypiu.nba.security.ProgrammeCoordinatorScopeSecurityTest
[AcademicService] getProgrammeById called | id: prog-pc-a2-96774849915916
[AcademicService] getProgrammeById called | id: prog-pc-b1-96774850480583
]]></system-out>
  </testcase>
  <testcase name="testCase25_PCProgrammeAtrScopeEnforcement" classname="com.dypiu.nba.security.ProgrammeCoordinatorScopeSecurityTest" time="0.088">
    <system-out><![CDATA[[AtrService] getProgrammeAtrReport called | programmeId: prog-pc-a1-96774874748291 | batchId: batch-pc-a1-96774875999208
[AttainmentCalculationService] calculateProgrammeAttainment called | programmeId: prog-pc-a1-96774874748291 | batchId: batch-pc-a1-96774875999208
[AttainmentCalculationService] processAndSaveProgrammeSurveyFile called | programmeId: prog-pc-a1-96774874748291 | batchId: batch-pc-a1-96774875999208
[AtrService] saveProgrammeAtrReport called | programmeId: prog-pc-a1-96774874748291
[AtrService] getProgrammeAtrReport called | programmeId: prog-pc-a1-96774874748291 | batchId: batch-pc-a1-96774875999208
[AttainmentCalculationService] calculateProgrammeAttainment called | programmeId: prog-pc-a1-96774874748291 | batchId: batch-pc-a1-96774875999208
[AtrService] getProgrammeAtrReport called | programmeId: prog-pc-b1-96774875663083 | batchId: batch-pc-b1-96774876703833
[AtrService] saveProgrammeAtrReport called | programmeId: prog-pc-b1-96774875663083
]]></system-out>
  </testcase>
  <testcase name="testCase20_PCCreatesCourseForOtherProgrammeForbidden" classname="com.dypiu.nba.security.ProgrammeCoordinatorScopeSecurityTest" time="0.011">
    <system-out><![CDATA[[AcademicService] saveCourse called | name: Marketing Management
]]></system-out>
  </testcase>
  <testcase name="testCase6_PCGetAllProgrammesReturnsOnlyAssigned" classname="com.dypiu.nba.security.ProgrammeCoordinatorScopeSecurityTest" time="0.013">
    <system-out><![CDATA[[AcademicService] getAllProgrammes called
]]></system-out>
  </testcase>
  <testcase name="testCase14_PCCreatesBatchForAssignedProgramme" classname="com.dypiu.nba.security.ProgrammeCoordinatorScopeSecurityTest" time="0.022">
    <system-out><![CDATA[[AcademicService] saveBatch called | name: Batch CS 2024-2028
[AcademicService] Saved batch with id: batch-42335aad
]]></system-out>
  </testcase>
  <testcase name="testCase1_PCAccessesOwnDashboard" classname="com.dypiu.nba.security.ProgrammeCoordinatorScopeSecurityTest" time="0.023">
    <system-out><![CDATA[[AcademicService] getProgrammeCoordinatorSetupProgress called | coordinatorEmail: pc.a1@dypiu.ac.in | programmeId: prog-pc-a1-96775001905000
]]></system-out>
  </testcase>
  <testcase name="testCase9_PCGetAllBatchesReturnsOnlyAssigned" classname="com.dypiu.nba.security.ProgrammeCoordinatorScopeSecurityTest" time="0.022">
    <system-out><![CDATA[[AcademicService] getAllBatches called
]]></system-out>
  </testcase>
  <testcase name="testCase4_PCUpdatesSetupProgressOwnProgramme" classname="com.dypiu.nba.security.ProgrammeCoordinatorScopeSecurityTest" time="0.015">
    <system-out><![CDATA[[AcademicService] updateProgrammeCoordinatorSetupProgress called | programmeId: prog-pc-a1-96775044913583 | stepNumber: 2 | coordinatorEmail: pc.a1@dypiu.ac.in
]]></system-out>
  </testcase>
  <testcase name="testCase5_PCUpdatesSetupProgressOtherProgrammeForbidden" classname="com.dypiu.nba.security.ProgrammeCoordinatorScopeSecurityTest" time="0.012">
    <system-out><![CDATA[[AcademicService] updateProgrammeCoordinatorSetupProgress called | programmeId: prog-pc-b1-96775060784291 | stepNumber: 2 | coordinatorEmail: pc.a1@dypiu.ac.in
[AcademicService] updateProgrammeCoordinatorSetupProgress called | programmeId: prog-pc-a2-96775060606041 | stepNumber: 2 | coordinatorEmail: pc.a1@dypiu.ac.in
]]></system-out>
  </testcase>
  <testcase name="testCase12_PCGetBatchByIdAssigned" classname="com.dypiu.nba.security.ProgrammeCoordinatorScopeSecurityTest" time="0.021">
    <system-out><![CDATA[[AcademicService] getBatchById called | id: batch-pc-a1-96775072850916
]]></system-out>
  </testcase>
  <testcase name="testCase11_PCGetBatchesByOtherProgrammeForbidden" classname="com.dypiu.nba.security.ProgrammeCoordinatorScopeSecurityTest" time="0.012">
    <system-out><![CDATA[[AcademicService] getBatchesByProgramme called | programmeId: prog-pc-a2-96775094105833
[AcademicService] getBatchesByProgramme called | programmeId: prog-pc-b1-96775094326000
]]></system-out>
  </testcase>
  <testcase name="testCase19_PCCreatesCourseForAssignedProgramme" classname="com.dypiu.nba.security.ProgrammeCoordinatorScopeSecurityTest" time="0.011">
    <system-out><![CDATA[[AcademicService] saveCourse called | name: Operating Systems
[AcademicService] Saved course with id: crs-38f9e3b6
]]></system-out>
  </testcase>
  <testcase name="testCase24_PCAllocatesCoursesForOtherProgrammeOrCrossCourseForbidden" classname="com.dypiu.nba.security.ProgrammeCoordinatorScopeSecurityTest" time="0.029"/>
  <testcase name="testCase22_PCAccessesAndSavesOutcomesForOtherProgrammeForbidden" classname="com.dypiu.nba.security.ProgrammeCoordinatorScopeSecurityTest" time="0.015">
    <system-out><![CDATA[================================================================================
[OutcomeService] >>> getPOsByProgramme called | programmeId: prog-pc-b1-96775146871125
[OutcomeService] savePOs called | programmeId: prog-pc-b1-96775146871125 | count: 0
================================================================================
[OutcomeService] >>> getPSOsByProgramme called | programmeId: prog-pc-b1-96775146871125
[OutcomeService] savePSOs called | programmeId: prog-pc-b1-96775146871125 | count: 0
[OutcomeService] getPEOsByProgramme called | programmeId: prog-pc-b1-96775146871125
[OutcomeService] savePEOs called | programmeId: prog-pc-b1-96775146871125 | count: 0
[OutcomeService] getProgrammeTargets called | programmeId: prog-pc-b1-96775146871125
[OutcomeService] saveProgrammeTargets called | programmeId: prog-pc-b1-96775146871125
]]></system-out>
  </testcase>
  <testcase name="testCase3_PCAccessesSummaryAndProgressWithoutParams" classname="com.dypiu.nba.security.ProgrammeCoordinatorScopeSecurityTest" time="0.027">
    <system-out><![CDATA[[AcademicService] getProgrammeCoordinatorSummary called | coordinatorEmail: null | programmeId: null
[AcademicService] getProgrammeCoordinatorSetupProgress called | coordinatorEmail: null | programmeId: prog-pc-a1-96775162203375
[AcademicService] getProgrammeCoordinatorSetupProgress called | coordinatorEmail: null | programmeId: null
]]></system-out>
  </testcase>
  <testcase name="testCase16_PCGetAllCoursesReturnsOnlyAssigned" classname="com.dypiu.nba.security.ProgrammeCoordinatorScopeSecurityTest" time="0.011">
    <system-out><![CDATA[[AcademicService] getAllCourses called
]]></system-out>
  </testcase>
  <testcase name="testCase21_PCAccessesAndSavesOutcomesForAssignedProgramme" classname="com.dypiu.nba.security.ProgrammeCoordinatorScopeSecurityTest" time="0.172">
    <system-out><![CDATA[================================================================================
[OutcomeService] >>> getPOsByProgramme called | programmeId: prog-pc-a1-96775219035375
[OutcomeService] No POs found in DB for programmeId: prog-pc-a1-96775219035375. Seeding default POs...
  [PO ENTRY] Code: PO1 | Statement: Engineering Knowledge: Apply knowledge of mathematics, science, engineering fundamentals, and computer engineering to solve complex problems.
      -> Competency Code: PO1.1 | Statement: Demonstrate core competency and analytical skills for PO1
      -> Competency Code: PO1.2 | Statement: Apply contextual knowledge and modern methods for PO1
  [PO ENTRY] Code: PO2 | Statement: Problem Analysis: Identify, formulate, review research literature, and analyze complex engineering problems reaching substantiated conclusions.
      -> Competency Code: PO2.1 | Statement: Demonstrate core competency and analytical skills for PO2
      -> Competency Code: PO2.2 | Statement: Apply contextual knowledge and modern methods for PO2
  [PO ENTRY] Code: PO3 | Statement: Design/Development of Solutions: Design solutions for complex engineering problems and design system components or processes.
      -> Competency Code: PO3.1 | Statement: Demonstrate core competency and analytical skills for PO3
      -> Competency Code: PO3.2 | Statement: Apply contextual knowledge and modern methods for PO3
  [PO ENTRY] Code: PO4 | Statement: Conduct Investigations of Complex Problems: Use research-based knowledge and research methods including design of experiments, analysis and interpretation of data.
      -> Competency Code: PO4.1 | Statement: Demonstrate core competency and analytical skills for PO4
      -> Competency Code: PO4.2 | Statement: Apply contextual knowledge and modern methods for PO4
  [PO ENTRY] Code: PO5 | Statement: Modern Tool Usage: Create, select, and apply appropriate techniques, resources, and modern engineering and IT tools.
      -> Competency Code: PO5.1 | Statement: Demonstrate core competency and analytical skills for PO5
      -> Competency Code: PO5.2 | Statement: Apply contextual knowledge and modern methods for PO5
  [PO ENTRY] Code: PO6 | Statement: The Engineer and Society: Apply reasoning informed by contextual knowledge to assess societal, health, safety, legal and cultural issues.
      -> Competency Code: PO6.1 | Statement: Demonstrate core competency and analytical skills for PO6
      -> Competency Code: PO6.2 | Statement: Apply contextual knowledge and modern methods for PO6
  [PO ENTRY] Code: PO7 | Statement: Environment and Sustainability: Understand the impact of professional engineering solutions in societal and environmental contexts.
      -> Competency Code: PO7.1 | Statement: Demonstrate core competency and analytical skills for PO7
      -> Competency Code: PO7.2 | Statement: Apply contextual knowledge and modern methods for PO7
  [PO ENTRY] Code: PO8 | Statement: Ethics: Apply ethical principles and commit to professional ethics and responsibilities and norms of engineering practice.
      -> Competency Code: PO8.1 | Statement: Demonstrate core competency and analytical skills for PO8
      -> Competency Code: PO8.2 | Statement: Apply contextual knowledge and modern methods for PO8
  [PO ENTRY] Code: PO9 | Statement: Individual and Team Work: Function effectively as an individual, and as a member or leader in diverse teams, and in multidisciplinary settings.
      -> Competency Code: PO9.1 | Statement: Demonstrate core competency and analytical skills for PO9
      -> Competency Code: PO9.2 | Statement: Apply contextual knowledge and modern methods for PO9
  [PO ENTRY] Code: PO10 | Statement: Communication: Communicate effectively on complex engineering activities with the engineering community and with society at large.
      -> Competency Code: PO10.1 | Statement: Demonstrate core competency and analytical skills for PO10
      -> Competency Code: PO10.2 | Statement: Apply contextual knowledge and modern methods for PO10
  [PO ENTRY] Code: PO11 | Statement: Project Management and Finance: Demonstrate knowledge and understanding of engineering and management principles and apply these to manage projects.
      -> Competency Code: PO11.1 | Statement: Demonstrate core competency and analytical skills for PO11
      -> Competency Code: PO11.2 | Statement: Apply contextual knowledge and modern methods for PO11
  [PO ENTRY] Code: PO12 | Statement: Life-long Learning: Recognize the need for, and have the preparation and ability to engage in independent and life-long learning in the broadest context of technological change.
      -> Competency Code: PO12.1 | Statement: Demonstrate core competency and analytical skills for PO12
      -> Competency Code: PO12.2 | Statement: Apply contextual knowledge and modern methods for PO12
[OutcomeService] <<< OUTGOING POs Payload (12 items) for programmeId: prog-pc-a1-96775219035375
================================================================================
[OutcomeService] savePOs called | programmeId: prog-pc-a1-96775219035375 | count: 12
[OutcomeService] Saved POs (12 items) with competencies for programmeId: prog-pc-a1-96775219035375
================================================================================
[OutcomeService] >>> getPSOsByProgramme called | programmeId: prog-pc-a1-96775219035375
[OutcomeService] No PSOs found in DB for programmeId: prog-pc-a1-96775219035375. Seeding default PSOs...
  [PSO ENTRY] Code: PSO1 | Statement: Software System Design & Development: Ability to design, build, test and maintain scalable software applications using modern frameworks.
      -> Competency Code: PSO1.1 | Statement: Demonstrate specialized domain skill statement 1 for PSO1
      -> Competency Code: PSO1.2 | Statement: Implement practical design and architecture solutions for PSO1
  [PSO ENTRY] Code: PSO2 | Statement: Data Analytics & AI Integration: Ability to apply data structures, machine learning algorithms and statistical models to extract insights.
      -> Competency Code: PSO2.1 | Statement: Demonstrate specialized domain skill statement 1 for PSO2
      -> Competency Code: PSO2.2 | Statement: Implement practical design and architecture solutions for PSO2
  [PSO ENTRY] Code: PSO3 | Statement: Network Architecture & Security: Ability to configure, analyze and secure computer networks, cloud infrastructure and distributed systems.
      -> Competency Code: PSO3.1 | Statement: Demonstrate specialized domain skill statement 1 for PSO3
      -> Competency Code: PSO3.2 | Statement: Implement practical design and architecture solutions for PSO3
[OutcomeService] <<< OUTGOING PSOs Payload (3 items) for programmeId: prog-pc-a1-96775219035375
================================================================================
[OutcomeService] savePSOs called | programmeId: prog-pc-a1-96775219035375 | count: 3
[OutcomeService] Saved PSOs (3 items) with competencies for programmeId: prog-pc-a1-96775219035375
[OutcomeService] getPEOsByProgramme called | programmeId: prog-pc-a1-96775219035375
[OutcomeService] Fetched PEOs (0 items) for programmeId: prog-pc-a1-96775219035375
[OutcomeService] savePEOs called | programmeId: prog-pc-a1-96775219035375 | count: 0
[OutcomeService] Saved PEOs (0 items) for programmeId: prog-pc-a1-96775219035375
[OutcomeService] saveProgrammeTargets called | programmeId: prog-pc-a1-96775219035375
[OutcomeService] getProgrammeTargets called | programmeId: prog-pc-a1-96775219035375
]]></system-out>
  </testcase>
  <testcase name="testCase18_PCGetCourseByIdOtherForbidden" classname="com.dypiu.nba.security.ProgrammeCoordinatorScopeSecurityTest" time="0.026">
    <system-out><![CDATA[[AcademicService] getCourseById called | id: crs-pc-a2-96775388017958
[AcademicService] getCourseById called | id: crs-pc-b1-96775388620500
]]></system-out>
  </testcase>
  <testcase name="testCase2_PCAccessesOtherProgrammeDashboardForbidden" classname="com.dypiu.nba.security.ProgrammeCoordinatorScopeSecurityTest" time="0.013"/>
  <testcase name="testCase15_PCCreatesBatchForOtherProgrammeForbidden" classname="com.dypiu.nba.security.ProgrammeCoordinatorScopeSecurityTest" time="0.01">
    <system-out><![CDATA[[AcademicService] saveBatch called | name: Batch MBA 2024-2026
]]></system-out>
  </testcase>
  <testcase name="testCase23_PCAllocatesCoursesForAssignedProgramme" classname="com.dypiu.nba.security.ProgrammeCoordinatorScopeSecurityTest" time="0.031"/>
  <testcase name="testCase10_PCGetBatchesByAssignedProgramme" classname="com.dypiu.nba.security.ProgrammeCoordinatorScopeSecurityTest" time="0.009">
    <system-out><![CDATA[[AcademicService] getBatchesByProgramme called | programmeId: prog-pc-a1-96775455002541
[AcademicService] Fetched batches (1 items) for programmeId: prog-pc-a1-96775455002541
]]></system-out>
  </testcase>
  <testcase name="testCase13_PCGetBatchByIdOtherForbidden" classname="com.dypiu.nba.security.ProgrammeCoordinatorScopeSecurityTest" time="0.011">
    <system-out><![CDATA[[AcademicService] getBatchById called | id: batch-pc-a2-96775465054500
[AcademicService] getBatchById called | id: batch-pc-b1-96775465157208
]]></system-out>
  </testcase>
  <testcase name="testCase17_PCGetCourseByIdAssigned" classname="com.dypiu.nba.security.ProgrammeCoordinatorScopeSecurityTest" time="0.009">
    <system-out><![CDATA[[AcademicService] getCourseById called | id: crs-pc-a1-96775476623000
]]></system-out>
  </testcase>
  <testcase name="testCase7_PCGetProgrammeByIdOwn" classname="com.dypiu.nba.security.ProgrammeCoordinatorScopeSecurityTest" time="0.021">
    <system-out><![CDATA[[AcademicService] getProgrammeById called | id: prog-pc-a1-96775485346208
]]></system-out>
  </testcase>
</testsuite>