<?xml version="1.0" encoding="UTF-8"?>
<testsuite xmlns:xsi="http://www.w3.org/2001/XMLSchema-instance" xsi:noNamespaceSchemaLocation="https://maven.apache.org/surefire/maven-surefire-plugin/xsd/surefire-test-report-3.0.xsd" version="3.0" name="com.dypiu.nba.ObeBackendApplicationTests" time="0.726" tests="1" errors="0" skipped="0" failures="0">
  <properties>
[...]
</properties>
  <testcase name="contextLoads" classname="com.dypiu.nba.ObeBackendApplicationTests" time="0.001">
    <system-out><![CDATA[2026-08-19T01:31:31.433+05:30  INFO 50590 --- [obe-backend] [           main] t.c.s.AnnotationConfigContextLoaderUtils : Could not detect default configuration classes for test class [com.dypiu.nba.ObeBackendApplicationTests]: ObeBackendApplicationTests does not declare any static, non-private, non-final, nested classes annotated with @Configuration.
2026-08-19T01:31:31.437+05:30  INFO 50590 --- [obe-backend] [           main] .b.t.c.SpringBootTestContextBootstrapper : Found @SpringBootConfiguration com.dypiu.nba.ObeBackendApplication for test class com.dypiu.nba.ObeBackendApplicationTests

  .   ____          _            __ _ _
 /\\ / ___'_ __ _ _(_)_ __  __ _ \ \ \ \
( ( )\___ | '_ | '_| | '_ \/ _` | \ \ \ \
 \\/  ___)| |_)| | | | | || (_| |  ) ) ) )
  '  |____| .__|_| |_|_| |_\__, | / / / /
 =========|_|==============|___/=/_/_/_/

 :: Spring Boot ::                (v3.3.2)

2026-08-19T01:31:31.468+05:30  INFO 50590 --- [obe-backend-test] [           main] c.dypiu.nba.ObeBackendApplicationTests   : Starting ObeBackendApplicationTests using Java 21.0.12 with PID 50590 (started by rajshaikh in /Users/rajshaikh/Desktop/DYPIU-NBA-Attainment-backend/obe-backend)
2026-08-19T01:31:31.468+05:30 DEBUG 50590 --- [obe-backend-test] [           main] c.dypiu.nba.ObeBackendApplicationTests   : Running with Spring Boot v3.3.2, Spring v6.1.11
2026-08-19T01:31:31.468+05:30  INFO 50590 --- [obe-backend-test] [           main] c.dypiu.nba.ObeBackendApplicationTests   : The following 1 profile is active: "test"
2026-08-19T01:31:31.537+05:30  INFO 50590 --- [obe-backend-test] [           main] .s.d.r.c.RepositoryConfigurationDelegate : Bootstrapping Spring Data JPA repositories in DEFAULT mode.
2026-08-19T01:31:31.549+05:30  INFO 50590 --- [obe-backend-test] [           main] .s.d.r.c.RepositoryConfigurationDelegate : Finished Spring Data repository scanning in 12 ms. Found 29 JPA repository interfaces.
2026-08-19T01:31:31.586+05:30  INFO 50590 --- [obe-backend-test] [           main] o.hibernate.jpa.internal.util.LogHelper  : HHH000204: Processing PersistenceUnitInfo [name: default]
2026-08-19T01:31:31.587+05:30  INFO 50590 --- [obe-backend-test] [           main] o.h.c.internal.RegionFactoryInitiator    : HHH000026: Second-level cache disabled
2026-08-19T01:31:31.591+05:30  INFO 50590 --- [obe-backend-test] [           main] o.s.o.j.p.SpringPersistenceUnitInfo      : No LoadTimeWeaver setup: ignoring JPA class transformer
2026-08-19T01:31:31.592+05:30  INFO 50590 --- [obe-backend-test] [           main] com.zaxxer.hikari.HikariDataSource       : HikariPool-3 - Starting...
2026-08-19T01:31:31.593+05:30  INFO 50590 --- [obe-backend-test] [           main] com.zaxxer.hikari.pool.HikariPool        : HikariPool-3 - Added connection conn5: url=jdbc:h2:mem:dypiu_obe_testdb user=SA
2026-08-19T01:31:31.593+05:30  INFO 50590 --- [obe-backend-test] [           main] com.zaxxer.hikari.HikariDataSource       : HikariPool-3 - Start completed.
2026-08-19T01:31:31.596+05:30  WARN 50590 --- [obe-backend-test] [           main] org.hibernate.orm.deprecation            : HHH90000025: H2Dialect does not need to be specified explicitly using 'hibernate.dialect' (remove the property setting and it will be selected by default)
2026-08-19T01:31:31.889+05:30  INFO 50590 --- [obe-backend-test] [           main] o.h.e.t.j.p.i.JtaPlatformInitiator       : HHH000489: No JTA platform available (set 'hibernate.transaction.jta.platform' to enable JTA platform integration)
Hibernate: 
    drop table if exists approval_history cascade 
Hibernate: 
    drop table if exists approval_requests cascade 
Hibernate: 
    drop table if exists attainment_configurations cascade 
Hibernate: 
    drop table if exists batches cascade 
Hibernate: 
    drop table if exists cc_setup_progress cascade 
Hibernate: 
    drop table if exists co_po_mappings cascade 
Hibernate: 
    drop table if exists co_pso_mappings cascade 
Hibernate: 
    drop table if exists course_atrs cascade 
Hibernate: 
    drop table if exists course_mapping_keywords cascade 
Hibernate: 
    drop table if exists course_offerings cascade 
Hibernate: 
    drop table if exists course_outcomes cascade 
Hibernate: 
    drop table if exists courses cascade 
Hibernate: 
    drop table if exists departments cascade 
Hibernate: 
    drop table if exists director_setup_progress cascade 
Hibernate: 
    drop table if exists hod_setup_progress cascade 
Hibernate: 
    drop table if exists pc_setup_progress cascade 
Hibernate: 
    drop table if exists peo_outcomes cascade 
Hibernate: 
    drop table if exists po_competencies cascade 
Hibernate: 
    drop table if exists programme_atrs cascade 
Hibernate: 
    drop table if exists programme_outcomes cascade 
Hibernate: 
    drop table if exists programme_specific_outcomes cascade 
Hibernate: 
    drop table if exists programme_targets cascade 
Hibernate: 
    drop table if exists programmes cascade 
Hibernate: 
    drop table if exists pso_competencies cascade 
Hibernate: 
    drop table if exists schools cascade 
Hibernate: 
    drop table if exists student_co_marks cascade 
Hibernate: 
    drop table if exists students cascade 
Hibernate: 
    drop table if exists uploaded_documents cascade 
Hibernate: 
    drop table if exists users cascade 
Hibernate: 
    create table approval_history (
        actor_id bigint,
        timestamp timestamp(6) with time zone,
        action varchar(50) not null,
        actor_name varchar(255) not null,
        actor_role varchar(255) not null,
        approval_request_id varchar(255) not null,
        comments TEXT,
        id varchar(255) not null,
        primary key (id)
    )
Hibernate: 
    create table approval_requests (
        approved_at timestamp(6) with time zone,
        created_at timestamp(6) with time zone,
        submitted_at timestamp(6) with time zone,
        updated_at timestamp(6) with time zone,
        approved_by varchar(255),
        batch_id varchar(255),
        course_id varchar(255),
        course_offering_id varchar(255),
        department_id varchar(255),
        details TEXT,
        id varchar(255) not null,
        programme_id varchar(255),
        remarks TEXT,
        resource_id varchar(255) not null,
        school_id varchar(255),
        submitted_by varchar(255) not null,
        title varchar(255) not null,
        status enum ('APPROVED','DRAFT','NEEDS_REVISION','PENDING','PENDING_APPROVAL','REJECTED','REVISION_REQUESTED','SUBMITTED','VERIFIED') not null,
        type enum ('ATTAINMENT_CONFIGURATION','COURSE_ALLOCATION','COURSE_ATR','COURSE_OFFERING','CO_DEFINITION','CO_TARGETS','DIRECTOR_GOVERNANCE','OTHER','OUTCOME_FRAMEWORK','PO_PSO_TARGETS','PROGRAMME_ATR') not null,
        primary key (id)
    )
Hibernate: 
    create table attainment_configurations (
        direct_threshold numeric(38,2) not null,
        direct_weight numeric(38,2) not null,
        indirect_threshold numeric(38,2) not null,
        indirect_weight numeric(38,2) not null,
        created_at timestamp(6) with time zone,
        submitted_at timestamp(6) with time zone,
        updated_at timestamp(6) with time zone,
        course_offering_id varchar(255) not null,
        direct_levels_json TEXT,
        id varchar(255) not null,
        indirect_levels_json TEXT,
        submitted_by varchar(255),
        status enum ('APPROVED','DRAFT','NEEDS_REVISION','PENDING_APPROVAL','REJECTED','REVISION_REQUESTED','SUBMITTED','SUBMITTED_FOR_VERIFICATION','VERIFIED') not null,
        primary key (id),
        constraint uk_attainment_config_offering unique (course_offering_id)
    )
Hibernate: 
    create table batches (
        duration_years integer not null,
        end_year integer not null,
        start_year integer not null,
        created_at timestamp(6) with time zone,
        updated_at timestamp(6) with time zone,
        status varchar(30) not null,
        name varchar(100) not null,
        id varchar(255) not null,
        previous_batch_id varchar(255),
        programme_id varchar(255) not null,
        primary key (id),
        constraint uk_batch_programme_start_year unique (programme_id, start_year)
    )
Hibernate: 
    create table cc_setup_progress (
        current_step integer not null,
        updated_at timestamp(6) with time zone,
        completed_steps varchar(500),
        pending_steps varchar(500),
        coordinator_email varchar(255),
        course_offering_id varchar(255) not null,
        id varchar(255) not null,
        overall_status enum ('COMPLETED','IN_PROGRESS','NOT_STARTED') not null,
        primary key (id),
        constraint uk_cc_setup_offering unique (course_offering_id)
    )
Hibernate: 
    create table co_po_mappings (
        mapping_level integer not null,
        created_at timestamp(6) with time zone,
        updated_at timestamp(6) with time zone,
        po_code varchar(20) not null,
        course_outcome_id varchar(255) not null,
        id varchar(255) not null,
        primary key (id),
        constraint uk_co_po unique (course_outcome_id, po_code)
    )
Hibernate: 
    create table co_pso_mappings (
        mapping_level integer not null,
        created_at timestamp(6) with time zone,
        updated_at timestamp(6) with time zone,
        pso_code varchar(20) not null,
        course_outcome_id varchar(255) not null,
        id varchar(255) not null,
        primary key (id),
        constraint uk_co_pso unique (course_outcome_id, pso_code)
    )
Hibernate: 
    create table course_atrs (
        actual_score numeric(38,2) not null,
        pct_achieved numeric(38,2) not null,
        target_score numeric(38,2) not null,
        created_at timestamp(6) with time zone,
        submitted_at timestamp(6) with time zone,
        updated_at timestamp(6) with time zone,
        verified_at timestamp(6) with time zone,
        co_code varchar(30) not null,
        actions_json TEXT,
        course_offering_id varchar(255) not null,
        id varchar(255) not null,
        statement TEXT,
        submitted_by varchar(255),
        title varchar(255),
        verification_comments TEXT,
        verified_by varchar(255),
        status enum ('APPROVED','DRAFT','NEEDS_REVISION','PENDING_APPROVAL','REJECTED','REVISION_REQUESTED','SUBMITTED','SUBMITTED_FOR_VERIFICATION','VERIFIED') not null,
        primary key (id),
        constraint uk_offering_co_atr unique (course_offering_id, co_code)
    )
Hibernate: 
    create table course_mapping_keywords (
        created_at timestamp(6) with time zone,
        updated_at timestamp(6) with time zone,
        keyword_type varchar(20) not null,
        course_offering_id varchar(255) not null,
        id varchar(255) not null,
        keywords_json TEXT not null,
        primary key (id),
        constraint uk_offering_keyword_type unique (course_offering_id, keyword_type)
    )
Hibernate: 
    create table course_offerings (
        semester integer not null,
        course_coordinator_id bigint,
        created_at timestamp(6) with time zone,
        updated_at timestamp(6) with time zone,
        status varchar(30) not null,
        assigned_faculty TEXT,
        batch_id varchar(255) not null,
        course_coordinator_name varchar(255),
        course_id varchar(255) not null,
        id varchar(255) not null,
        primary key (id),
        constraint uk_batch_course_semester unique (batch_id, course_id, semester)
    )
Hibernate: 
    create table course_outcomes (
        target_level numeric(4,2) not null,
        created_at timestamp(6) with time zone,
        updated_at timestamp(6) with time zone,
        code varchar(30) not null,
        blooms_level varchar(50),
        course_offering_id varchar(255) not null,
        id varchar(255) not null,
        statement TEXT not null,
        primary key (id),
        constraint uk_offering_co_code unique (course_offering_id, code)
    )
Hibernate: 
    create table courses (
        credits integer not null,
        created_at timestamp(6) with time zone,
        updated_at timestamp(6) with time zone,
        status varchar(30) not null,
        code varchar(50) not null,
        course_type varchar(50),
        id varchar(255) not null,
        name varchar(255) not null,
        programme_id varchar(255) not null,
        primary key (id),
        constraint uk_programme_course_code unique (programme_id, code)
    )
Hibernate: 
    create table departments (
        created_at timestamp(6) with time zone,
        updated_at timestamp(6) with time zone,
        code varchar(20) not null,
        status varchar(30) not null,
        hod varchar(255),
        hod_email varchar(255),
        id varchar(255) not null,
        name varchar(255) not null,
        school_id varchar(255) not null,
        primary key (id),
        constraint uk_school_department_code unique (school_id, code)
    )
Hibernate: 
    create table director_setup_progress (
        current_step integer not null,
        updated_at timestamp(6) with time zone,
        completed_steps varchar(500),
        pending_steps varchar(500),
        id varchar(255) not null,
        school_id varchar(255) not null,
        current_step_enum enum ('DEPARTMENT','PROGRAMME','REVIEW','SCHOOL') not null,
        overall_status enum ('COMPLETED','IN_PROGRESS','NOT_STARTED') not null,
        primary key (id),
        constraint uk_director_setup_school unique (school_id)
    )
Hibernate: 
    create table hod_setup_progress (
        current_step integer not null,
        updated_at timestamp(6) with time zone,
        completed_steps varchar(500),
        pending_steps varchar(500),
        department_id varchar(255) not null,
        hod_email varchar(255),
        id varchar(255) not null,
        overall_status enum ('COMPLETED','IN_PROGRESS','NOT_STARTED') not null,
        primary key (id),
        constraint uk_hod_setup_department unique (department_id)
    )
Hibernate: 
    create table pc_setup_progress (
        current_step integer not null,
        updated_at timestamp(6) with time zone,
        completed_steps varchar(500),
        pending_steps varchar(500),
        batch_id varchar(255) not null,
        coordinator_email varchar(255),
        id varchar(255) not null,
        programme_id varchar(255) not null,
        overall_status enum ('COMPLETED','IN_PROGRESS','NOT_STARTED') not null,
        primary key (id),
        constraint uk_pc_setup_programme_batch unique (programme_id, batch_id)
    )
Hibernate: 
    create table peo_outcomes (
        created_at timestamp(6) with time zone,
        updated_at timestamp(6) with time zone,
        code varchar(20) not null,
        id varchar(255) not null,
        programme_id varchar(255) not null,
        statement TEXT not null,
        primary key (id),
        constraint uk_programme_peo_code unique (programme_id, code)
    )
Hibernate: 
    create table po_competencies (
        code varchar(30) not null,
        id varchar(255) not null,
        po_id varchar(255) not null,
        statement TEXT not null,
        primary key (id),
        constraint uk_po_competency_code unique (po_id, code)
    )
Hibernate: 
    create table programme_atrs (
        created_at timestamp(6) with time zone,
        submitted_at timestamp(6) with time zone,
        updated_at timestamp(6) with time zone,
        verified_at timestamp(6) with time zone,
        batch_id varchar(255) not null,
        id varchar(255) not null,
        observations_json TEXT,
        programme_id varchar(255) not null,
        submitted_by varchar(255),
        verification_comments TEXT,
        verified_by varchar(255),
        status enum ('APPROVED','DRAFT','NEEDS_REVISION','PENDING_APPROVAL','REJECTED','REVISION_REQUESTED','SUBMITTED','SUBMITTED_FOR_VERIFICATION','VERIFIED') not null,
        primary key (id),
        constraint uk_programme_batch_atr unique (programme_id, batch_id)
    )
Hibernate: 
    create table programme_outcomes (
        created_at timestamp(6) with time zone,
        updated_at timestamp(6) with time zone,
        code varchar(20) not null,
        id varchar(255) not null,
        programme_id varchar(255) not null,
        statement TEXT not null,
        primary key (id),
        constraint uk_programme_po_code unique (programme_id, code)
    )
Hibernate: 
    create table programme_specific_outcomes (
        created_at timestamp(6) with time zone,
        updated_at timestamp(6) with time zone,
        code varchar(20) not null,
        id varchar(255) not null,
        programme_id varchar(255) not null,
        statement TEXT not null,
        primary key (id),
        constraint uk_programme_pso_code unique (programme_id, code)
    )
Hibernate: 
    create table programme_targets (
        target_value numeric(4,2) not null,
        created_at timestamp(6) with time zone,
        updated_at timestamp(6) with time zone,
        outcome_code varchar(20) not null,
        batch_id varchar(255) not null,
        id varchar(255) not null,
        outcome_type enum ('PEO','PO','PSO') not null,
        primary key (id),
        constraint uq_batch_outcome_target unique (batch_id, outcome_type, outcome_code)
    )
Hibernate: 
    create table programmes (
        duration_years integer not null,
        created_at timestamp(6) with time zone,
        updated_at timestamp(6) with time zone,
        code varchar(20) not null,
        status varchar(30) not null,
        coordinator varchar(150),
        coordinator_email varchar(150),
        department_id varchar(255) not null,
        department_name varchar(255),
        id varchar(255) not null,
        name varchar(255) not null,
        primary key (id),
        constraint uk_department_programme_code unique (department_id, code)
    )
Hibernate: 
    create table pso_competencies (
        code varchar(30) not null,
        id varchar(255) not null,
        pso_id varchar(255) not null,
        statement TEXT not null,
        primary key (id),
        constraint uk_pso_competency_code unique (pso_id, code)
    )
Hibernate: 
    create table schools (
        created_at timestamp(6) with time zone,
        director_id bigint,
        updated_at timestamp(6) with time zone,
        code varchar(20) not null unique,
        director_email varchar(255),
        director_name varchar(255),
        est_year varchar(255),
        id varchar(255) not null,
        name varchar(255) not null,
        primary key (id)
    )
Hibernate: 
    create table student_co_marks (
        marks_obtained numeric(38,2) not null,
        max_marks numeric(38,2) not null,
        percentage numeric(38,2),
        created_at timestamp(6) with time zone,
        co_code varchar(30) not null,
        prn varchar(50) not null,
        course_offering_id varchar(255) not null,
        id varchar(255) not null,
        student_id varchar(255) not null,
        student_name varchar(255),
        upload_id varchar(255),
        primary key (id),
        constraint uk_student_offering_co unique (student_id, course_offering_id, co_code)
    )
Hibernate: 
    create table students (
        created_at timestamp(6) with time zone,
        updated_at timestamp(6) with time zone,
        prn varchar(50) not null unique,
        email varchar(150) not null,
        name varchar(150) not null,
        batch_id varchar(255) not null,
        id varchar(255) not null,
        status enum ('ACTIVE','DROPPED','ENROLLED','GRADUATED','TRANSFERRED') not null,
        primary key (id)
    )
Hibernate: 
    create table uploaded_documents (
        records_processed integer,
        threshold_percentage numeric(38,2),
        file_size bigint,
        uploaded_at timestamp(6) with time zone,
        batch_id varchar(255) not null,
        course_offering_id varchar(255),
        file_name varchar(255) not null,
        id varchar(255) not null,
        saved_file_name varchar(255) not null,
        saved_path varchar(255) not null,
        uploaded_by varchar(255),
        document_type enum ('EXAMINATION','OTHER','SURVEY') not null,
        primary key (id)
    )
Hibernate: 
    create table users (
        is_active boolean not null,
        created_at timestamp(6) with time zone,
        id bigint generated by default as identity,
        updated_at timestamp(6) with time zone,
        username varchar(100) not null unique,
        email varchar(150) not null unique,
        name varchar(150) not null,
        department_id varchar(255),
        password_hash varchar(255) not null,
        programme_id varchar(255),
        school_id varchar(255),
        role enum ('ADMIN','DIRECTOR','FACULTY','HOD','IQAC','PROGRAMME_COORDINATOR') not null,
        primary key (id)
    )
2026-08-19T01:31:31.904+05:30  INFO 50590 --- [obe-backend-test] [           main] j.LocalContainerEntityManagerFactoryBean : Initialized JPA EntityManagerFactory for persistence unit 'default'
2026-08-19T01:31:32.061+05:30  WARN 50590 --- [obe-backend-test] [           main] JpaBaseConfiguration$JpaWebConfiguration : spring.jpa.open-in-view is enabled by default. Therefore, database queries may be performed during view rendering. Explicitly configure spring.jpa.open-in-view to disable this warning
2026-08-19T01:31:32.064+05:30  INFO 50590 --- [obe-backend-test] [           main] r$InitializeUserDetailsManagerConfigurer : Global AuthenticationManager configured with UserDetailsService bean with name customUserDetailsService
2026-08-19T01:31:32.157+05:30  INFO 50590 --- [obe-backend-test] [           main] c.dypiu.nba.ObeBackendApplicationTests   : Started ObeBackendApplicationTests in 0.717 seconds (process running for 9.862)
]]></system-out>
  </testcase>
</testsuite>